0 info it worked if it ends with ok
1 verbose cli [ 'C:\\Program Files\\nodejs\\node.exe',
1 verbose cli   'C:\\Program Files\\nodejs\\node_modules\\npm\\bin\\npm-cli.js',
1 verbose cli   'install',
1 verbose cli   'node@8.3.0' ]
2 info using npm@3.10.10
3 info using node@v6.11.3
4 silly loadCurrentTree Starting
5 silly install loadCurrentTree
6 silly install readLocalPackageData
7 silly fetchPackageMetaData node@8.3.0
8 silly fetchNamedPackageData node
9 silly mapToRegistry name node
10 silly mapToRegistry using default registry
11 silly mapToRegistry registry https://registry.npmjs.org/
12 silly mapToRegistry data Result {
12 silly mapToRegistry   raw: 'node',
12 silly mapToRegistry   scope: null,
12 silly mapToRegistry   escapedName: 'node',
12 silly mapToRegistry   name: 'node',
12 silly mapToRegistry   rawSpec: '',
12 silly mapToRegistry   spec: 'latest',
12 silly mapToRegistry   type: 'tag' }
13 silly mapToRegistry uri https://registry.npmjs.org/node
14 verbose request uri https://registry.npmjs.org/node
15 verbose request no auth needed
16 info attempt registry request try #1 at 12:34:47 PM
17 verbose request id 9cd8619f71aca762
18 verbose etag W/"59cd741e-4e34a"
19 verbose lastModified Thu, 28 Sep 2017 22:13:50 GMT
20 http request GET https://registry.npmjs.org/node
21 http 304 https://registry.npmjs.org/node
22 verbose headers { date: 'Fri, 29 Sep 2017 19:34:45 GMT',
22 verbose headers   via: '1.1 varnish',
22 verbose headers   'cache-control': 'max-age=300',
22 verbose headers   etag: 'W/"59cd741e-4e34a"',
22 verbose headers   age: '0',
22 verbose headers   connection: 'keep-alive',
22 verbose headers   'x-served-by': 'cache-lax8626-LAX',
22 verbose headers   'x-cache': 'MISS',
22 verbose headers   'x-cache-hits': '0',
22 verbose headers   'x-timer': 'S1506713686.586567,VS0,VE98',
22 verbose headers   vary: 'Accept-Encoding, Accept' }
23 silly get cb [ 304,
23 silly get   { date: 'Fri, 29 Sep 2017 19:34:45 GMT',
23 silly get     via: '1.1 varnish',
23 silly get     'cache-control': 'max-age=300',
23 silly get     etag: 'W/"59cd741e-4e34a"',
23 silly get     age: '0',
23 silly get     connection: 'keep-alive',
23 silly get     'x-served-by': 'cache-lax8626-LAX',
23 silly get     'x-cache': 'MISS',
23 silly get     'x-cache-hits': '0',
23 silly get     'x-timer': 'S1506713686.586567,VS0,VE98',
23 silly get     vary: 'Accept-Encoding, Accept' } ]
24 verbose etag https://registry.npmjs.org/node from cache
25 verbose get saving node to C:\Users\miles\AppData\Roaming\npm-cache\registry.npmjs.org\node\.cache.json
26 verbose correctMkdir C:\Users\miles\AppData\Roaming\npm-cache correctMkdir not in flight; initializing
27 silly install normalizeTree
28 silly loadCurrentTree Finishing
29 silly loadIdealTree Starting
30 silly install loadIdealTree
31 silly cloneCurrentTree Starting
32 silly install cloneCurrentTreeToIdealTree
33 silly cloneCurrentTree Finishing
34 silly loadShrinkwrap Starting
35 silly install loadShrinkwrap
36 silly loadShrinkwrap Finishing
37 silly loadAllDepsIntoIdealTree Starting
38 silly install loadAllDepsIntoIdealTree
39 silly resolveWithNewModule node@8.3.0 checking installable status
40 silly cache add args [ 'node@8.3.0', null ]
41 verbose cache add spec node@8.3.0
42 silly cache add parsed spec Result {
42 silly cache add   raw: 'node@8.3.0',
42 silly cache add   scope: null,
42 silly cache add   escapedName: 'node',
42 silly cache add   name: 'node',
42 silly cache add   rawSpec: '8.3.0',
42 silly cache add   spec: '8.3.0',
42 silly cache add   type: 'version' }
43 silly addNamed node@8.3.0
44 verbose addNamed "8.3.0" is a plain semver version for node
45 silly mapToRegistry name node
46 silly mapToRegistry using default registry
47 silly mapToRegistry registry https://registry.npmjs.org/
48 silly mapToRegistry data Result {
48 silly mapToRegistry   raw: 'node',
48 silly mapToRegistry   scope: null,
48 silly mapToRegistry   escapedName: 'node',
48 silly mapToRegistry   name: 'node',
48 silly mapToRegistry   rawSpec: '',
48 silly mapToRegistry   spec: 'latest',
48 silly mapToRegistry   type: 'tag' }
49 silly mapToRegistry uri https://registry.npmjs.org/node
50 verbose addNameVersion registry:https://registry.npmjs.org/node not in flight; fetching
51 verbose get https://registry.npmjs.org/node not expired, no request
52 silly cache afterAdd node@8.3.0
53 verbose afterAdd C:\Users\miles\AppData\Roaming\npm-cache\node\8.3.0\package\package.json not in flight; writing
54 verbose correctMkdir C:\Users\miles\AppData\Roaming\npm-cache correctMkdir not in flight; initializing
55 verbose afterAdd C:\Users\miles\AppData\Roaming\npm-cache\node\8.3.0\package\package.json written
56 silly fetchNamedPackageData node-bin-setup
57 silly mapToRegistry name node-bin-setup
58 silly mapToRegistry using default registry
59 silly mapToRegistry registry https://registry.npmjs.org/
60 silly mapToRegistry data Result {
60 silly mapToRegistry   raw: 'node-bin-setup',
60 silly mapToRegistry   scope: null,
60 silly mapToRegistry   escapedName: 'node-bin-setup',
60 silly mapToRegistry   name: 'node-bin-setup',
60 silly mapToRegistry   rawSpec: '',
60 silly mapToRegistry   spec: 'latest',
60 silly mapToRegistry   type: 'tag' }
61 silly mapToRegistry uri https://registry.npmjs.org/node-bin-setup
62 verbose request uri https://registry.npmjs.org/node-bin-setup
63 verbose request no auth needed
64 info attempt registry request try #1 at 12:34:47 PM
65 verbose etag W/"5976bbea-1511"
66 verbose lastModified Tue, 25 Jul 2017 03:32:58 GMT
67 http request GET https://registry.npmjs.org/node-bin-setup
68 http 304 https://registry.npmjs.org/node-bin-setup
69 verbose headers { date: 'Fri, 29 Sep 2017 19:34:45 GMT',
69 verbose headers   via: '1.1 varnish',
69 verbose headers   'cache-control': 'max-age=300',
69 verbose headers   etag: 'W/"5976bbea-1511"',
69 verbose headers   age: '0',
69 verbose headers   connection: 'keep-alive',
69 verbose headers   'x-served-by': 'cache-lax8626-LAX',
69 verbose headers   'x-cache': 'MISS',
69 verbose headers   'x-cache-hits': '0',
69 verbose headers   'x-timer': 'S1506713686.799526,VS0,VE376',
69 verbose headers   vary: 'Accept-Encoding, Accept' }
70 silly get cb [ 304,
70 silly get   { date: 'Fri, 29 Sep 2017 19:34:45 GMT',
70 silly get     via: '1.1 varnish',
70 silly get     'cache-control': 'max-age=300',
70 silly get     etag: 'W/"5976bbea-1511"',
70 silly get     age: '0',
70 silly get     connection: 'keep-alive',
70 silly get     'x-served-by': 'cache-lax8626-LAX',
70 silly get     'x-cache': 'MISS',
70 silly get     'x-cache-hits': '0',
70 silly get     'x-timer': 'S1506713686.799526,VS0,VE376',
70 silly get     vary: 'Accept-Encoding, Accept' } ]
71 verbose etag https://registry.npmjs.org/node-bin-setup from cache
72 verbose get saving node-bin-setup to C:\Users\miles\AppData\Roaming\npm-cache\registry.npmjs.org\node-bin-setup\.cache.json
73 verbose correctMkdir C:\Users\miles\AppData\Roaming\npm-cache correctMkdir not in flight; initializing
74 silly resolveWithNewModule node-bin-setup@1.0.6 checking installable status
75 silly cache add args [ 'node-bin-setup@^1.0.0', null ]
76 verbose cache add spec node-bin-setup@^1.0.0
77 silly cache add parsed spec Result {
77 silly cache add   raw: 'node-bin-setup@^1.0.0',
77 silly cache add   scope: null,
77 silly cache add   escapedName: 'node-bin-setup',
77 silly cache add   name: 'node-bin-setup',
77 silly cache add   rawSpec: '^1.0.0',
77 silly cache add   spec: '>=1.0.0 <2.0.0',
77 silly cache add   type: 'range' }
78 silly addNamed node-bin-setup@>=1.0.0 <2.0.0
79 verbose addNamed ">=1.0.0 <2.0.0" is a valid semver range for node-bin-setup
80 silly addNameRange { name: 'node-bin-setup',
80 silly addNameRange   range: '>=1.0.0 <2.0.0',
80 silly addNameRange   hasData: false }
81 silly mapToRegistry name node-bin-setup
82 silly mapToRegistry using default registry
83 silly mapToRegistry registry https://registry.npmjs.org/
84 silly mapToRegistry data Result {
84 silly mapToRegistry   raw: 'node-bin-setup',
84 silly mapToRegistry   scope: null,
84 silly mapToRegistry   escapedName: 'node-bin-setup',
84 silly mapToRegistry   name: 'node-bin-setup',
84 silly mapToRegistry   rawSpec: '',
84 silly mapToRegistry   spec: 'latest',
84 silly mapToRegistry   type: 'tag' }
85 silly mapToRegistry uri https://registry.npmjs.org/node-bin-setup
86 verbose addNameRange registry:https://registry.npmjs.org/node-bin-setup not in flight; fetching
87 verbose get https://registry.npmjs.org/node-bin-setup not expired, no request
88 silly addNameRange number 2 { name: 'node-bin-setup',
88 silly addNameRange   range: '>=1.0.0 <2.0.0',
88 silly addNameRange   hasData: true }
89 silly addNameRange versions [ 'node-bin-setup',
89 silly addNameRange   [ '1.0.0', '1.0.1', '1.0.2', '1.0.3', '1.0.4', '1.0.6' ] ]
90 silly addNamed node-bin-setup@1.0.6
91 verbose addNamed "1.0.6" is a plain semver version for node-bin-setup
92 silly cache afterAdd node-bin-setup@1.0.6
93 verbose afterAdd C:\Users\miles\AppData\Roaming\npm-cache\node-bin-setup\1.0.6\package\package.json not in flight; writing
94 verbose correctMkdir C:\Users\miles\AppData\Roaming\npm-cache correctMkdir not in flight; initializing
95 verbose afterAdd C:\Users\miles\AppData\Roaming\npm-cache\node-bin-setup\1.0.6\package\package.json written
96 silly loadAllDepsIntoIdealTree Finishing
97 silly loadIdealTree Finishing
98 silly currentTree 12Tradercoin.io
98 silly currentTree +-- body-parser@1.18.1
98 silly currentTree +-- bytes@3.0.0
98 silly currentTree +-- content-type@1.0.4
98 silly currentTree +-- debug@2.6.8
98 silly currentTree +-- depd@1.1.1
98 silly currentTree +-- ee-first@1.1.1
98 silly currentTree +-- http-errors@1.6.2
98 silly currentTree +-- iconv-lite@0.4.19
98 silly currentTree +-- inherits@2.0.3
98 silly currentTree +-- media-typer@0.3.0
98 silly currentTree +-- mime-db@1.30.0
98 silly currentTree +-- mime-types@2.1.17
98 silly currentTree +-- ms@2.0.0
98 silly currentTree +-- on-finished@2.3.0
98 silly currentTree +-- qs@6.5.1
98 silly currentTree +-- raw-body@2.3.2
98 silly currentTree +-- setprototypeof@1.0.3
98 silly currentTree +-- statuses@1.3.1
98 silly currentTree +-- type-is@1.6.15
98 silly currentTree `-- unpipe@1.0.0
99 silly idealTree 12Tradercoin.io
99 silly idealTree +-- body-parser@1.18.1
99 silly idealTree +-- bytes@3.0.0
99 silly idealTree +-- content-type@1.0.4
99 silly idealTree +-- debug@2.6.8
99 silly idealTree +-- depd@1.1.1
99 silly idealTree +-- ee-first@1.1.1
99 silly idealTree +-- http-errors@1.6.2
99 silly idealTree +-- iconv-lite@0.4.19
99 silly idealTree +-- inherits@2.0.3
99 silly idealTree +-- media-typer@0.3.0
99 silly idealTree +-- mime-db@1.30.0
99 silly idealTree +-- mime-types@2.1.17
99 silly idealTree +-- ms@2.0.0
99 silly idealTree +-- node-bin-setup@1.0.6
99 silly idealTree +-- node@8.3.0
99 silly idealTree +-- on-finished@2.3.0
99 silly idealTree +-- qs@6.5.1
99 silly idealTree +-- raw-body@2.3.2
99 silly idealTree +-- setprototypeof@1.0.3
99 silly idealTree +-- statuses@1.3.1
99 silly idealTree +-- type-is@1.6.15
99 silly idealTree `-- unpipe@1.0.0
100 silly generateActionsToTake Starting
101 silly install generateActionsToTake
102 silly generateActionsToTake Finishing
103 silly diffTrees action count 2
104 silly diffTrees add node-bin-setup@1.0.6
105 silly diffTrees add node@8.3.0
106 silly decomposeActions action count 16
107 silly decomposeActions fetch node-bin-setup@1.0.6
108 silly decomposeActions extract node-bin-setup@1.0.6
109 silly decomposeActions test node-bin-setup@1.0.6
110 silly decomposeActions preinstall node-bin-setup@1.0.6
111 silly decomposeActions build node-bin-setup@1.0.6
112 silly decomposeActions install node-bin-setup@1.0.6
113 silly decomposeActions postinstall node-bin-setup@1.0.6
114 silly decomposeActions finalize node-bin-setup@1.0.6
115 silly decomposeActions fetch node@8.3.0
116 silly decomposeActions extract node@8.3.0
117 silly decomposeActions test node@8.3.0
118 silly decomposeActions preinstall node@8.3.0
119 silly decomposeActions build node@8.3.0
120 silly decomposeActions install node@8.3.0
121 silly decomposeActions postinstall node@8.3.0
122 silly decomposeActions finalize node@8.3.0
123 silly runTopLevelLifecycles Starting
124 silly executeActions Starting
125 silly install executeActions
126 silly doSerial global-install 0
127 silly doParallel fetch 2
128 verbose correctMkdir C:\Users\miles\AppData\Roaming\npm-cache\_locks correctMkdir not in flight; initializing
129 verbose lock using C:\Users\miles\AppData\Roaming\npm-cache\_locks\staging-5564e9ebff51bf40.lock for C:\Users\miles\Desktop\12Tradercoin.io\node_modules\.staging
130 silly doParallel extract 2
131 silly extract node-bin-setup@1.0.6
132 silly extract node@8.3.0
133 verbose unbuild node_modules\.staging\node-bin-setup-9ac12cac
134 verbose unbuild node_modules\.staging\node-1153db6b
135 silly gentlyRm C:\Users\miles\Desktop\12Tradercoin.io\node_modules\.staging\node-bin-setup-9ac12cac is being purged from base C:\Users\miles\Desktop\12Tradercoin.io
136 verbose gentlyRm don't care about contents; nuking C:\Users\miles\Desktop\12Tradercoin.io\node_modules\.staging\node-bin-setup-9ac12cac
137 verbose tar unpack C:\Users\miles\AppData\Roaming\npm-cache\node-bin-setup\1.0.6\package.tgz
138 verbose tar unpacking to C:\Users\miles\Desktop\12Tradercoin.io\node_modules\.staging\node-bin-setup-9ac12cac
139 silly gentlyRm C:\Users\miles\Desktop\12Tradercoin.io\node_modules\.staging\node-bin-setup-9ac12cac is being purged
140 verbose gentlyRm don't care about contents; nuking C:\Users\miles\Desktop\12Tradercoin.io\node_modules\.staging\node-bin-setup-9ac12cac
141 silly gentlyRm C:\Users\miles\Desktop\12Tradercoin.io\node_modules\.staging\node-1153db6b is being purged from base C:\Users\miles\Desktop\12Tradercoin.io
142 verbose gentlyRm don't care about contents; nuking C:\Users\miles\Desktop\12Tradercoin.io\node_modules\.staging\node-1153db6b
143 silly gunzTarPerm modes [ '777', '666' ]
144 verbose tar unpack C:\Users\miles\AppData\Roaming\npm-cache\node\8.3.0\package.tgz
145 verbose tar unpacking to C:\Users\miles\Desktop\12Tradercoin.io\node_modules\.staging\node-1153db6b
146 silly gentlyRm C:\Users\miles\Desktop\12Tradercoin.io\node_modules\.staging\node-1153db6b is being purged
147 verbose gentlyRm don't care about contents; nuking C:\Users\miles\Desktop\12Tradercoin.io\node_modules\.staging\node-1153db6b
148 silly gunzTarPerm modes [ '777', '666' ]
149 silly gunzTarPerm extractEntry package.json
150 silly gunzTarPerm modified mode [ 'package.json', 420, 438 ]
151 silly gunzTarPerm extractEntry package.json
152 silly gunzTarPerm modified mode [ 'package.json', 420, 438 ]
153 silly gunzTarPerm extractEntry index.js
154 silly gunzTarPerm modified mode [ 'index.js', 420, 438 ]
155 silly gunzTarPerm extractEntry README.md
156 silly gunzTarPerm modified mode [ 'README.md', 420, 438 ]
157 silly gunzTarPerm extractEntry installArchSpecificPackage.js
158 silly gunzTarPerm modified mode [ 'installArchSpecificPackage.js', 420, 438 ]
159 silly gentlyRm C:\Users\miles\Desktop\12Tradercoin.io\node_modules\.staging\node-bin-setup-9ac12cac\node_modules is being purged
160 verbose gentlyRm don't care about contents; nuking C:\Users\miles\Desktop\12Tradercoin.io\node_modules\.staging\node-bin-setup-9ac12cac\node_modules
161 silly gentlyRm C:\Users\miles\Desktop\12Tradercoin.io\node_modules\.staging\node-1153db6b\node_modules is being purged
162 verbose gentlyRm don't care about contents; nuking C:\Users\miles\Desktop\12Tradercoin.io\node_modules\.staging\node-1153db6b\node_modules
163 silly doParallel preinstall 2
164 silly preinstall node-bin-setup@1.0.6 C:\Users\miles\Desktop\12Tradercoin.io\node_modules\.staging\node-bin-setup-9ac12cac
165 info lifecycle node-bin-setup@1.0.6~preinstall: node-bin-setup@1.0.6
166 silly preinstall node@8.3.0 C:\Users\miles\Desktop\12Tradercoin.io\node_modules\.staging\node-1153db6b
167 info lifecycle node@8.3.0~preinstall: node@8.3.0
168 silly lifecycle node-bin-setup@1.0.6~preinstall: no script for preinstall, continuing
169 verbose lifecycle node@8.3.0~preinstall: unsafe-perm in lifecycle true
170 verbose lifecycle node@8.3.0~preinstall: PATH: C:\Program Files\nodejs\node_modules\npm\bin\node-gyp-bin;C:\Users\miles\Desktop\12Tradercoin.io\node_modules\.staging\node-1153db6b\node_modules\.bin;C:\Users\miles\Desktop\12Tradercoin.io\node_modules\.bin;C:\ProgramData\Oracle\Java\javapath;C:\Program Files (x86)\Razer Chroma SDK\bin;C:\Program Files\Razer Chroma SDK\bin;C:\Program Files (x86)\Intel\iCLS Client\;C:\Program Files\Intel\iCLS Client\;C:\Windows\system32;C:\Windows;C:\Windows\System32\Wbem;C:\Windows\System32\WindowsPowerShell\v1.0\;C:\Program Files\Intel\WiFi\bin\;C:\Program Files\Common Files\Intel\WirelessCommon\;C:\Program Files (x86)\NVIDIA Corporation\PhysX\Common;C:\Program Files (x86)\Intel\Intel(R) Management Engine Components\DAL;C:\Program Files\Intel\Intel(R) Management Engine Components\DAL;C:\Program Files (x86)\Intel\Intel(R) Management Engine Components\IPT;C:\Program Files\Intel\Intel(R) Management Engine Components\IPT;C:\WINDOWS\system32;C:\WINDOWS;C:\WINDOWS\System32\Wbem;C:\WINDOWS\System32\WindowsPowerShell\v1.0\;C:\Users\miles\AppData\Local\Microsoft\WindowsApps;C:\Users\miles\AppData\Roaming\Dashlane\4.8.2.33026\bin\Firefox_Extension\{442718d9-475e-452a-b3e1-fb1ee16b8e9f}\components;C:\Users\miles\AppData\Roaming\Dashlane\4.8.2.33026\ucrt;C:\Program Files\PuTTY\;C:\Program Files\nodejs\;C:\Users\miles\AppData\Local\Microsoft\WindowsApps;C:\Program Files\Microsoft VS Code\bin;C:\Program Files\MongoDB\Server\3.4\bin\;C:\Users\miles\AppData\Roaming\npm;C:\Users\miles\AppData\Roaming\Dashlane\4.8.8.36676\bin\Firefox_Extension\{442718d9-475e-452a-b3e1-fb1ee16b8e9f}\components;C:\Users\miles\AppData\Roaming\Dashlane\4.8.8.36676\ucrt
171 verbose lifecycle node@8.3.0~preinstall: CWD: C:\Users\miles\Desktop\12Tradercoin.io\node_modules\.staging\node-1153db6b
172 silly lifecycle node@8.3.0~preinstall: Args: [ '/d /s /c', 'node installArchSpecificPackage' ]
173 silly lifecycle node@8.3.0~preinstall: Returned: code: 1  signal: null
174 info lifecycle node@8.3.0~preinstall: Failed to exec preinstall script
175 verbose unlock done using C:\Users\miles\AppData\Roaming\npm-cache\_locks\staging-5564e9ebff51bf40.lock for C:\Users\miles\Desktop\12Tradercoin.io\node_modules\.staging
176 silly rollbackFailedOptional Starting
177 silly rollbackFailedOptional Finishing
178 silly runTopLevelLifecycles Finishing
179 silly install printInstalled
180 warn enoent ENOENT: no such file or directory, open 'C:\Users\miles\Desktop\12Tradercoin.io\package.json'
181 verbose enoent ENOENT: no such file or directory, open 'C:\Users\miles\Desktop\12Tradercoin.io\package.json'
181 verbose enoent This is most likely not a problem with npm itself
181 verbose enoent and is related to npm not being able to find a file.
182 warn 12Tradercoin.io No description
183 verbose If you need help, you may report this error at:
183 verbose     <https://github.com/npm/npm/issues>
184 warn 12Tradercoin.io No repository field.
185 verbose If you need help, you may report this error at:
185 verbose     <https://github.com/npm/npm/issues>
186 warn 12Tradercoin.io No README data
187 verbose If you need help, you may report this error at:
187 verbose     <https://github.com/npm/npm/issues>
188 warn 12Tradercoin.io No license field.
189 verbose If you need help, you may report this error at:
189 verbose     <https://github.com/npm/npm/issues>
190 verbose stack Error: node@8.3.0 preinstall: `node installArchSpecificPackage`
190 verbose stack Exit status 1
190 verbose stack     at EventEmitter.<anonymous> (C:\Program Files\nodejs\node_modules\npm\lib\utils\lifecycle.js:255:16)
190 verbose stack     at emitTwo (events.js:106:13)
190 verbose stack     at EventEmitter.emit (events.js:191:7)
190 verbose stack     at ChildProcess.<anonymous> (C:\Program Files\nodejs\node_modules\npm\lib\utils\spawn.js:40:14)
190 verbose stack     at emitTwo (events.js:106:13)
190 verbose stack     at ChildProcess.emit (events.js:191:7)
190 verbose stack     at maybeClose (internal/child_process.js:920:16)
190 verbose stack     at Process.ChildProcess._handle.onexit (internal/child_process.js:230:5)
191 verbose pkgid node@8.3.0
192 verbose cwd C:\Users\miles\Desktop\12Tradercoin.io
193 error Windows_NT 10.0.15063
194 error argv "C:\\Program Files\\nodejs\\node.exe" "C:\\Program Files\\nodejs\\node_modules\\npm\\bin\\npm-cli.js" "install" "node@8.3.0"
195 error node v6.11.3
196 error npm  v3.10.10
197 error code ELIFECYCLE
198 error node@8.3.0 preinstall: `node installArchSpecificPackage`
198 error Exit status 1
199 error Failed at the node@8.3.0 preinstall script 'node installArchSpecificPackage'.
199 error Make sure you have the latest version of node.js and npm installed.
199 error If you do, this is most likely a problem with the node package,
199 error not with npm itself.
199 error Tell the author that this fails on your system:
199 error     node installArchSpecificPackage
199 error You can get information on how to open an issue for this project with:
199 error     npm bugs node
199 error Or if that isn't available, you can get their info via:
199 error     npm owner ls node
199 error There is likely additional logging output above.
200 verbose exit [ 1, true ]
