0 info it worked if it ends with ok
1 verbose cli [ 'C:\\Program Files\\nodejs\\node.exe',
1 verbose cli   'C:\\Program Files\\nodejs\\node_modules\\npm\\bin\\npm-cli.js',
1 verbose cli   'install',
1 verbose cli   'node' ]
2 info using npm@3.10.10
3 info using node@v6.11.3
4 silly loadCurrentTree Starting
5 silly install loadCurrentTree
6 silly install readLocalPackageData
7 silly fetchPackageMetaData node
8 silly fetchNamedPackageData node
9 silly mapToRegistry name node
10 silly mapToRegistry using default registry
11 silly mapToRegistry registry https://registry.npmjs.org/
12 silly mapToRegistry data Result {
12 silly mapToRegistry   raw: 'node',
12 silly mapToRegistry   scope: null,
12 silly mapToRegistry   escapedName: 'node',
12 silly mapToRegistry   name: 'node',
12 silly mapToRegistry   rawSpec: '',
12 silly mapToRegistry   spec: 'latest',
12 silly mapToRegistry   type: 'tag' }
13 silly mapToRegistry uri https://registry.npmjs.org/node
14 verbose request uri https://registry.npmjs.org/node
15 verbose request no auth needed
16 info attempt registry request try #1 at 3:40:35 PM
17 verbose request id 505da8c4c34acdaa
18 verbose etag W/"59a988af-4e335"
19 verbose lastModified Fri, 01 Sep 2017 16:19:59 GMT
20 http request GET https://registry.npmjs.org/node
21 http 304 https://registry.npmjs.org/node
22 verbose headers { date: 'Mon, 18 Sep 2017 22:40:36 GMT',
22 verbose headers   via: '1.1 varnish',
22 verbose headers   'cache-control': 'max-age=300',
22 verbose headers   etag: 'W/"59a988af-4e335"',
22 verbose headers   age: '0',
22 verbose headers   connection: 'keep-alive',
22 verbose headers   'x-served-by': 'cache-bur17529-BUR',
22 verbose headers   'x-cache': 'MISS',
22 verbose headers   'x-cache-hits': '0',
22 verbose headers   'x-timer': 'S1505774437.503657,VS0,VE447',
22 verbose headers   vary: 'Accept-Encoding, Accept' }
23 silly get cb [ 304,
23 silly get   { date: 'Mon, 18 Sep 2017 22:40:36 GMT',
23 silly get     via: '1.1 varnish',
23 silly get     'cache-control': 'max-age=300',
23 silly get     etag: 'W/"59a988af-4e335"',
23 silly get     age: '0',
23 silly get     connection: 'keep-alive',
23 silly get     'x-served-by': 'cache-bur17529-BUR',
23 silly get     'x-cache': 'MISS',
23 silly get     'x-cache-hits': '0',
23 silly get     'x-timer': 'S1505774437.503657,VS0,VE447',
23 silly get     vary: 'Accept-Encoding, Accept' } ]
24 verbose etag https://registry.npmjs.org/node from cache
25 verbose get saving node to C:\Users\miles\AppData\Roaming\npm-cache\registry.npmjs.org\node\.cache.json
26 verbose correctMkdir C:\Users\miles\AppData\Roaming\npm-cache correctMkdir not in flight; initializing
27 silly install normalizeTree
28 silly loadCurrentTree Finishing
29 silly loadIdealTree Starting
30 silly install loadIdealTree
31 silly cloneCurrentTree Starting
32 silly install cloneCurrentTreeToIdealTree
33 silly cloneCurrentTree Finishing
34 silly loadShrinkwrap Starting
35 silly install loadShrinkwrap
36 silly loadShrinkwrap Finishing
37 silly loadAllDepsIntoIdealTree Starting
38 silly install loadAllDepsIntoIdealTree
39 silly resolveWithNewModule node@8.3.0 checking installable status
40 silly cache add args [ 'node', null ]
41 verbose cache add spec node
42 silly cache add parsed spec Result {
42 silly cache add   raw: 'node',
42 silly cache add   scope: null,
42 silly cache add   escapedName: 'node',
42 silly cache add   name: 'node',
42 silly cache add   rawSpec: '',
42 silly cache add   spec: 'latest',
42 silly cache add   type: 'tag' }
43 silly addNamed node@latest
44 verbose addNamed "latest" is being treated as a dist-tag for node
45 info addNameTag [ 'node', 'latest' ]
46 silly mapToRegistry name node
47 silly mapToRegistry using default registry
48 silly mapToRegistry registry https://registry.npmjs.org/
49 silly mapToRegistry data Result {
49 silly mapToRegistry   raw: 'node',
49 silly mapToRegistry   scope: null,
49 silly mapToRegistry   escapedName: 'node',
49 silly mapToRegistry   name: 'node',
49 silly mapToRegistry   rawSpec: '',
49 silly mapToRegistry   spec: 'latest',
49 silly mapToRegistry   type: 'tag' }
50 silly mapToRegistry uri https://registry.npmjs.org/node
51 verbose addNameTag registry:https://registry.npmjs.org/node not in flight; fetching
52 verbose get https://registry.npmjs.org/node not expired, no request
53 silly addNameTag next cb for node with tag latest
54 silly addNamed node@8.3.0
55 verbose addNamed "8.3.0" is a plain semver version for node
56 silly cache afterAdd node@8.3.0
57 verbose afterAdd C:\Users\miles\AppData\Roaming\npm-cache\node\8.3.0\package\package.json not in flight; writing
58 verbose correctMkdir C:\Users\miles\AppData\Roaming\npm-cache correctMkdir not in flight; initializing
59 verbose afterAdd C:\Users\miles\AppData\Roaming\npm-cache\node\8.3.0\package\package.json written
60 silly fetchNamedPackageData node-bin-setup
61 silly mapToRegistry name node-bin-setup
62 silly mapToRegistry using default registry
63 silly mapToRegistry registry https://registry.npmjs.org/
64 silly mapToRegistry data Result {
64 silly mapToRegistry   raw: 'node-bin-setup',
64 silly mapToRegistry   scope: null,
64 silly mapToRegistry   escapedName: 'node-bin-setup',
64 silly mapToRegistry   name: 'node-bin-setup',
64 silly mapToRegistry   rawSpec: '',
64 silly mapToRegistry   spec: 'latest',
64 silly mapToRegistry   type: 'tag' }
65 silly mapToRegistry uri https://registry.npmjs.org/node-bin-setup
66 verbose request uri https://registry.npmjs.org/node-bin-setup
67 verbose request no auth needed
68 info attempt registry request try #1 at 3:40:35 PM
69 verbose etag W/"5976bbea-1511"
70 verbose lastModified Tue, 25 Jul 2017 03:32:58 GMT
71 http request GET https://registry.npmjs.org/node-bin-setup
72 http 304 https://registry.npmjs.org/node-bin-setup
73 verbose headers { date: 'Mon, 18 Sep 2017 22:40:37 GMT',
73 verbose headers   via: '1.1 varnish',
73 verbose headers   'cache-control': 'max-age=300',
73 verbose headers   etag: 'W/"5976bbea-1511"',
73 verbose headers   age: '0',
73 verbose headers   connection: 'keep-alive',
73 verbose headers   'x-served-by': 'cache-bur17529-BUR',
73 verbose headers   'x-cache': 'MISS',
73 verbose headers   'x-cache-hits': '0',
73 verbose headers   'x-timer': 'S1505774437.095916,VS0,VE159',
73 verbose headers   vary: 'Accept-Encoding, Accept' }
74 silly get cb [ 304,
74 silly get   { date: 'Mon, 18 Sep 2017 22:40:37 GMT',
74 silly get     via: '1.1 varnish',
74 silly get     'cache-control': 'max-age=300',
74 silly get     etag: 'W/"5976bbea-1511"',
74 silly get     age: '0',
74 silly get     connection: 'keep-alive',
74 silly get     'x-served-by': 'cache-bur17529-BUR',
74 silly get     'x-cache': 'MISS',
74 silly get     'x-cache-hits': '0',
74 silly get     'x-timer': 'S1505774437.095916,VS0,VE159',
74 silly get     vary: 'Accept-Encoding, Accept' } ]
75 verbose etag https://registry.npmjs.org/node-bin-setup from cache
76 verbose get saving node-bin-setup to C:\Users\miles\AppData\Roaming\npm-cache\registry.npmjs.org\node-bin-setup\.cache.json
77 verbose correctMkdir C:\Users\miles\AppData\Roaming\npm-cache correctMkdir not in flight; initializing
78 silly resolveWithNewModule node-bin-setup@1.0.6 checking installable status
79 silly cache add args [ 'node-bin-setup@^1.0.0', null ]
80 verbose cache add spec node-bin-setup@^1.0.0
81 silly cache add parsed spec Result {
81 silly cache add   raw: 'node-bin-setup@^1.0.0',
81 silly cache add   scope: null,
81 silly cache add   escapedName: 'node-bin-setup',
81 silly cache add   name: 'node-bin-setup',
81 silly cache add   rawSpec: '^1.0.0',
81 silly cache add   spec: '>=1.0.0 <2.0.0',
81 silly cache add   type: 'range' }
82 silly addNamed node-bin-setup@>=1.0.0 <2.0.0
83 verbose addNamed ">=1.0.0 <2.0.0" is a valid semver range for node-bin-setup
84 silly addNameRange { name: 'node-bin-setup',
84 silly addNameRange   range: '>=1.0.0 <2.0.0',
84 silly addNameRange   hasData: false }
85 silly mapToRegistry name node-bin-setup
86 silly mapToRegistry using default registry
87 silly mapToRegistry registry https://registry.npmjs.org/
88 silly mapToRegistry data Result {
88 silly mapToRegistry   raw: 'node-bin-setup',
88 silly mapToRegistry   scope: null,
88 silly mapToRegistry   escapedName: 'node-bin-setup',
88 silly mapToRegistry   name: 'node-bin-setup',
88 silly mapToRegistry   rawSpec: '',
88 silly mapToRegistry   spec: 'latest',
88 silly mapToRegistry   type: 'tag' }
89 silly mapToRegistry uri https://registry.npmjs.org/node-bin-setup
90 verbose addNameRange registry:https://registry.npmjs.org/node-bin-setup not in flight; fetching
91 verbose get https://registry.npmjs.org/node-bin-setup not expired, no request
92 silly addNameRange number 2 { name: 'node-bin-setup',
92 silly addNameRange   range: '>=1.0.0 <2.0.0',
92 silly addNameRange   hasData: true }
93 silly addNameRange versions [ 'node-bin-setup',
93 silly addNameRange   [ '1.0.0', '1.0.1', '1.0.2', '1.0.3', '1.0.4', '1.0.6' ] ]
94 silly addNamed node-bin-setup@1.0.6
95 verbose addNamed "1.0.6" is a plain semver version for node-bin-setup
96 silly cache afterAdd node-bin-setup@1.0.6
97 verbose afterAdd C:\Users\miles\AppData\Roaming\npm-cache\node-bin-setup\1.0.6\package\package.json not in flight; writing
98 verbose correctMkdir C:\Users\miles\AppData\Roaming\npm-cache correctMkdir not in flight; initializing
99 verbose afterAdd C:\Users\miles\AppData\Roaming\npm-cache\node-bin-setup\1.0.6\package\package.json written
100 silly loadAllDepsIntoIdealTree Finishing
101 silly loadIdealTree Finishing
102 silly currentTree Tradercoin.io server data
102 silly currentTree +-- body-parser@1.18.1
102 silly currentTree +-- bytes@3.0.0
102 silly currentTree +-- content-type@1.0.4
102 silly currentTree +-- debug@2.6.8
102 silly currentTree +-- depd@1.1.1
102 silly currentTree +-- ee-first@1.1.1
102 silly currentTree +-- http-errors@1.6.2
102 silly currentTree +-- iconv-lite@0.4.19
102 silly currentTree +-- inherits@2.0.3
102 silly currentTree +-- media-typer@0.3.0
102 silly currentTree +-- mime-db@1.30.0
102 silly currentTree +-- mime-types@2.1.17
102 silly currentTree +-- ms@2.0.0
102 silly currentTree +-- on-finished@2.3.0
102 silly currentTree +-- qs@6.5.1
102 silly currentTree +-- raw-body@2.3.2
102 silly currentTree +-- setprototypeof@1.0.3
102 silly currentTree +-- statuses@1.3.1
102 silly currentTree +-- type-is@1.6.15
102 silly currentTree `-- unpipe@1.0.0
103 silly idealTree Tradercoin.io server data
103 silly idealTree +-- body-parser@1.18.1
103 silly idealTree +-- bytes@3.0.0
103 silly idealTree +-- content-type@1.0.4
103 silly idealTree +-- debug@2.6.8
103 silly idealTree +-- depd@1.1.1
103 silly idealTree +-- ee-first@1.1.1
103 silly idealTree +-- http-errors@1.6.2
103 silly idealTree +-- iconv-lite@0.4.19
103 silly idealTree +-- inherits@2.0.3
103 silly idealTree +-- media-typer@0.3.0
103 silly idealTree +-- mime-db@1.30.0
103 silly idealTree +-- mime-types@2.1.17
103 silly idealTree +-- ms@2.0.0
103 silly idealTree +-- node-bin-setup@1.0.6
103 silly idealTree +-- node@8.3.0
103 silly idealTree +-- on-finished@2.3.0
103 silly idealTree +-- qs@6.5.1
103 silly idealTree +-- raw-body@2.3.2
103 silly idealTree +-- setprototypeof@1.0.3
103 silly idealTree +-- statuses@1.3.1
103 silly idealTree +-- type-is@1.6.15
103 silly idealTree `-- unpipe@1.0.0
104 silly generateActionsToTake Starting
105 silly install generateActionsToTake
106 silly generateActionsToTake Finishing
107 silly diffTrees action count 2
108 silly diffTrees add node-bin-setup@1.0.6
109 silly diffTrees add node@8.3.0
110 silly decomposeActions action count 16
111 silly decomposeActions fetch node-bin-setup@1.0.6
112 silly decomposeActions extract node-bin-setup@1.0.6
113 silly decomposeActions test node-bin-setup@1.0.6
114 silly decomposeActions preinstall node-bin-setup@1.0.6
115 silly decomposeActions build node-bin-setup@1.0.6
116 silly decomposeActions install node-bin-setup@1.0.6
117 silly decomposeActions postinstall node-bin-setup@1.0.6
118 silly decomposeActions finalize node-bin-setup@1.0.6
119 silly decomposeActions fetch node@8.3.0
120 silly decomposeActions extract node@8.3.0
121 silly decomposeActions test node@8.3.0
122 silly decomposeActions preinstall node@8.3.0
123 silly decomposeActions build node@8.3.0
124 silly decomposeActions install node@8.3.0
125 silly decomposeActions postinstall node@8.3.0
126 silly decomposeActions finalize node@8.3.0
127 silly runTopLevelLifecycles Starting
128 silly executeActions Starting
129 silly install executeActions
130 silly doSerial global-install 0
131 silly doParallel fetch 2
132 verbose correctMkdir C:\Users\miles\AppData\Roaming\npm-cache\_locks correctMkdir not in flight; initializing
133 verbose lock using C:\Users\miles\AppData\Roaming\npm-cache\_locks\staging-8162c89ccc9c1e9d.lock for C:\Users\miles\Desktop\Tradercoin.io server data\node_modules\.staging
134 silly doParallel extract 2
135 silly extract node-bin-setup@1.0.6
136 silly extract node@8.3.0
137 verbose unbuild node_modules\.staging\node-bin-setup-b842dcd1
138 verbose unbuild node_modules\.staging\node-ea37edbb
139 silly gentlyRm C:\Users\miles\Desktop\Tradercoin.io server data\node_modules\.staging\node-bin-setup-b842dcd1 is being purged from base C:\Users\miles\Desktop\Tradercoin.io server data
140 verbose gentlyRm don't care about contents; nuking C:\Users\miles\Desktop\Tradercoin.io server data\node_modules\.staging\node-bin-setup-b842dcd1
141 verbose tar unpack C:\Users\miles\AppData\Roaming\npm-cache\node-bin-setup\1.0.6\package.tgz
142 verbose tar unpacking to C:\Users\miles\Desktop\Tradercoin.io server data\node_modules\.staging\node-bin-setup-b842dcd1
143 silly gentlyRm C:\Users\miles\Desktop\Tradercoin.io server data\node_modules\.staging\node-bin-setup-b842dcd1 is being purged
144 verbose gentlyRm don't care about contents; nuking C:\Users\miles\Desktop\Tradercoin.io server data\node_modules\.staging\node-bin-setup-b842dcd1
145 silly gentlyRm C:\Users\miles\Desktop\Tradercoin.io server data\node_modules\.staging\node-ea37edbb is being purged from base C:\Users\miles\Desktop\Tradercoin.io server data
146 verbose gentlyRm don't care about contents; nuking C:\Users\miles\Desktop\Tradercoin.io server data\node_modules\.staging\node-ea37edbb
147 silly gunzTarPerm modes [ '777', '666' ]
148 verbose tar unpack C:\Users\miles\AppData\Roaming\npm-cache\node\8.3.0\package.tgz
149 verbose tar unpacking to C:\Users\miles\Desktop\Tradercoin.io server data\node_modules\.staging\node-ea37edbb
150 silly gentlyRm C:\Users\miles\Desktop\Tradercoin.io server data\node_modules\.staging\node-ea37edbb is being purged
151 verbose gentlyRm don't care about contents; nuking C:\Users\miles\Desktop\Tradercoin.io server data\node_modules\.staging\node-ea37edbb
152 silly gunzTarPerm modes [ '777', '666' ]
153 silly gunzTarPerm extractEntry package.json
154 silly gunzTarPerm modified mode [ 'package.json', 420, 438 ]
155 silly gunzTarPerm extractEntry package.json
156 silly gunzTarPerm modified mode [ 'package.json', 420, 438 ]
157 silly gunzTarPerm extractEntry index.js
158 silly gunzTarPerm modified mode [ 'index.js', 420, 438 ]
159 silly gunzTarPerm extractEntry README.md
160 silly gunzTarPerm modified mode [ 'README.md', 420, 438 ]
161 silly gunzTarPerm extractEntry installArchSpecificPackage.js
162 silly gunzTarPerm modified mode [ 'installArchSpecificPackage.js', 420, 438 ]
163 silly gentlyRm C:\Users\miles\Desktop\Tradercoin.io server data\node_modules\.staging\node-bin-setup-b842dcd1\node_modules is being purged
164 verbose gentlyRm don't care about contents; nuking C:\Users\miles\Desktop\Tradercoin.io server data\node_modules\.staging\node-bin-setup-b842dcd1\node_modules
165 silly gentlyRm C:\Users\miles\Desktop\Tradercoin.io server data\node_modules\.staging\node-ea37edbb\node_modules is being purged
166 verbose gentlyRm don't care about contents; nuking C:\Users\miles\Desktop\Tradercoin.io server data\node_modules\.staging\node-ea37edbb\node_modules
167 silly doParallel preinstall 2
168 silly preinstall node-bin-setup@1.0.6 C:\Users\miles\Desktop\Tradercoin.io server data\node_modules\.staging\node-bin-setup-b842dcd1
169 info lifecycle node-bin-setup@1.0.6~preinstall: node-bin-setup@1.0.6
170 silly preinstall node@8.3.0 C:\Users\miles\Desktop\Tradercoin.io server data\node_modules\.staging\node-ea37edbb
171 info lifecycle node@8.3.0~preinstall: node@8.3.0
172 silly lifecycle node-bin-setup@1.0.6~preinstall: no script for preinstall, continuing
173 verbose lifecycle node@8.3.0~preinstall: unsafe-perm in lifecycle true
174 verbose lifecycle node@8.3.0~preinstall: PATH: C:\Program Files\nodejs\node_modules\npm\bin\node-gyp-bin;C:\Users\miles\Desktop\Tradercoin.io server data\node_modules\.staging\node-ea37edbb\node_modules\.bin;C:\Users\miles\Desktop\Tradercoin.io server data\node_modules\.bin;C:\ProgramData\Oracle\Java\javapath;C:\Program Files (x86)\Razer Chroma SDK\bin;C:\Program Files\Razer Chroma SDK\bin;C:\Program Files (x86)\Intel\iCLS Client\;C:\Program Files\Intel\iCLS Client\;C:\Windows\system32;C:\Windows;C:\Windows\System32\Wbem;C:\Windows\System32\WindowsPowerShell\v1.0\;C:\Program Files\Intel\WiFi\bin\;C:\Program Files\Common Files\Intel\WirelessCommon\;C:\Program Files (x86)\NVIDIA Corporation\PhysX\Common;C:\Program Files (x86)\Intel\Intel(R) Management Engine Components\DAL;C:\Program Files\Intel\Intel(R) Management Engine Components\DAL;C:\Program Files (x86)\Intel\Intel(R) Management Engine Components\IPT;C:\Program Files\Intel\Intel(R) Management Engine Components\IPT;C:\WINDOWS\system32;C:\WINDOWS;C:\WINDOWS\System32\Wbem;C:\WINDOWS\System32\WindowsPowerShell\v1.0\;C:\Users\miles\AppData\Local\Microsoft\WindowsApps;C:\Users\miles\AppData\Roaming\Dashlane\4.8.2.33026\bin\Firefox_Extension\{442718d9-475e-452a-b3e1-fb1ee16b8e9f}\components;C:\Users\miles\AppData\Roaming\Dashlane\4.8.2.33026\ucrt;C:\Program Files\PuTTY\;C:\Program Files\nodejs\;C:\Users\miles\AppData\Local\Microsoft\WindowsApps;C:\Program Files\Microsoft VS Code\bin;C:\Users\miles\AppData\Roaming\Dashlane\4.8.7.35982\bin\Firefox_Extension\{442718d9-475e-452a-b3e1-fb1ee16b8e9f}\components;C:\Users\miles\AppData\Roaming\Dashlane\4.8.7.35982\ucrt;C:\Program Files\MongoDB\Server\3.4\bin\;C:\Users\miles\AppData\Roaming\npm
175 verbose lifecycle node@8.3.0~preinstall: CWD: C:\Users\miles\Desktop\Tradercoin.io server data\node_modules\.staging\node-ea37edbb
176 silly lifecycle node@8.3.0~preinstall: Args: [ '/d /s /c', 'node installArchSpecificPackage' ]
177 silly lifecycle node@8.3.0~preinstall: Returned: code: 1  signal: null
178 info lifecycle node@8.3.0~preinstall: Failed to exec preinstall script
179 verbose unlock done using C:\Users\miles\AppData\Roaming\npm-cache\_locks\staging-8162c89ccc9c1e9d.lock for C:\Users\miles\Desktop\Tradercoin.io server data\node_modules\.staging
180 silly rollbackFailedOptional Starting
181 silly rollbackFailedOptional Finishing
182 silly runTopLevelLifecycles Finishing
183 silly install printInstalled
184 warn enoent ENOENT: no such file or directory, open 'C:\Users\miles\Desktop\Tradercoin.io server data\package.json'
185 verbose enoent ENOENT: no such file or directory, open 'C:\Users\miles\Desktop\Tradercoin.io server data\package.json'
185 verbose enoent This is most likely not a problem with npm itself
185 verbose enoent and is related to npm not being able to find a file.
186 warn Tradercoin.io server data No description
187 verbose If you need help, you may report this error at:
187 verbose     <https://github.com/npm/npm/issues>
188 warn Tradercoin.io server data No repository field.
189 verbose If you need help, you may report this error at:
189 verbose     <https://github.com/npm/npm/issues>
190 warn Tradercoin.io server data No README data
191 verbose If you need help, you may report this error at:
191 verbose     <https://github.com/npm/npm/issues>
192 warn Tradercoin.io server data No license field.
193 verbose If you need help, you may report this error at:
193 verbose     <https://github.com/npm/npm/issues>
194 verbose stack Error: node@8.3.0 preinstall: `node installArchSpecificPackage`
194 verbose stack Exit status 1
194 verbose stack     at EventEmitter.<anonymous> (C:\Program Files\nodejs\node_modules\npm\lib\utils\lifecycle.js:255:16)
194 verbose stack     at emitTwo (events.js:106:13)
194 verbose stack     at EventEmitter.emit (events.js:191:7)
194 verbose stack     at ChildProcess.<anonymous> (C:\Program Files\nodejs\node_modules\npm\lib\utils\spawn.js:40:14)
194 verbose stack     at emitTwo (events.js:106:13)
194 verbose stack     at ChildProcess.emit (events.js:191:7)
194 verbose stack     at maybeClose (internal/child_process.js:920:16)
194 verbose stack     at Process.ChildProcess._handle.onexit (internal/child_process.js:230:5)
195 verbose pkgid node@8.3.0
196 verbose cwd C:\Users\miles\Desktop\Tradercoin.io server data
197 error Windows_NT 10.0.15063
198 error argv "C:\\Program Files\\nodejs\\node.exe" "C:\\Program Files\\nodejs\\node_modules\\npm\\bin\\npm-cli.js" "install" "node"
199 error node v6.11.3
200 error npm  v3.10.10
201 error code ELIFECYCLE
202 error node@8.3.0 preinstall: `node installArchSpecificPackage`
202 error Exit status 1
203 error Failed at the node@8.3.0 preinstall script 'node installArchSpecificPackage'.
203 error Make sure you have the latest version of node.js and npm installed.
203 error If you do, this is most likely a problem with the node package,
203 error not with npm itself.
203 error Tell the author that this fails on your system:
203 error     node installArchSpecificPackage
203 error You can get information on how to open an issue for this project with:
203 error     npm bugs node
203 error Or if that isn't available, you can get their info via:
203 error     npm owner ls node
203 error There is likely additional logging output above.
204 verbose exit [ 1, true ]
